<?xml version="1.0" encoding="UTF-8"?>
<!-- Generated by org.testng.reporters.JUnitReportReporter -->
<testsuite hostname="idea-PC" name="SimpleTest" tests="1" failures="0" timestamp="18 Apr 2017 09:55:32 GMT" time="12,572" errors="0">
  <testcase name="NavigateToMyWebSite" time="12,572" classname="SimpleTest"/>
</testsuite>
